# JRE version: OpenJDK Runtime Environment (11.0.11+9) (build 11.0.11+9-b60-7590822)
# Java VM: OpenJDK 64-Bit Server VM (11.0.11+9-b60-7590822, mixed mode, tiered, compressed oops, g1 gc, windows-amd64)
Heap:
 garbage-first heap   total 208896K, used 195973K [0x00000000e0000000, 0x0000000100000000)
  region size 1024K, 9 young (9216K), 2 survivors (2048K)
 Metaspace       used 129591K, capacity 133122K, committed 133372K, reserved 1165312K
  class space    used 16175K, capacity 17409K, committed 17484K, reserved 1048576K
GC Heap History (20 events):
Event: 137.670 GC heap before
{Heap before GC invocations=309 (full 0):
 garbage-first heap   total 200704K, used 185041K [0x00000000e0000000, 0x0000000100000000)
  region size 1024K, 9 young (9216K), 1 survivors (1024K)
 Metaspace       used 129371K, capacity 132824K, committed 133116K, reserved 1165312K
  class space    used 16162K, capacity 17374K, committed 17484K, reserved 1048576K
}
Event: 137.677 GC heap after
{Heap after GC invocations=310 (full 0):
 garbage-first heap   total 200704K, used 177198K [0x00000000e0000000, 0x0000000100000000)
  region size 1024K, 1 young (1024K), 1 survivors (1024K)
 Metaspace       used 129371K, capacity 132824K, committed 133116K, reserved 1165312K
  class space    used 16162K, capacity 17374K, committed 17484K, reserved 1048576K
}
Event: 137.834 GC heap before
{Heap before GC invocations=310 (full 0):
 garbage-first heap   total 200704K, used 184366K [0x00000000e0000000, 0x0000000100000000)
  region size 1024K, 9 young (9216K), 1 survivors (1024K)
 Metaspace       used 129428K, capacity 132924K, committed 133116K, reserved 1165312K
  class space    used 16169K, capacity 17407K, committed 17484K, reserved 1048576K
}
Event: 137.837 GC heap after
{Heap after GC invocations=311 (full 0):
 garbage-first heap   total 200704K, used 177162K [0x00000000e0000000, 0x0000000100000000)
  region size 1024K, 1 young (1024K), 1 survivors (1024K)
 Metaspace       used 129428K, capacity 132924K, committed 133116K, reserved 1165312K
  class space    used 16169K, capacity 17407K, committed 17484K, reserved 1048576K
}
Event: 137.926 GC heap before
{Heap before GC invocations=311 (full 0):
 garbage-first heap   total 200704K, used 185354K [0x00000000e0000000, 0x0000000100000000)
  region size 1024K, 9 young (9216K), 1 survivors (1024K)
 Metaspace       used 129433K, capacity 132924K, committed 133116K, reserved 1165312K
  class space    used 16169K, capacity 17407K, committed 17484K, reserved 1048576K
}
Event: 137.928 GC heap after
{Heap after GC invocations=312 (full 0):
 garbage-first heap   total 200704K, used 177316K [0x00000000e0000000, 0x0000000100000000)
  region size 1024K, 1 young (1024K), 1 survivors (1024K)
 Metaspace       used 129433K, capacity 132924K, committed 133116K, reserved 1165312K
  class space    used 16169K, capacity 17407K, committed 17484K, reserved 1048576K
}
Event: 138.246 GC heap before
{Heap before GC invocations=312 (full 0):
 garbage-first heap   total 200704K, used 185508K [0x00000000e0000000, 0x0000000100000000)
  region size 1024K, 9 young (9216K), 1 survivors (1024K)
 Metaspace       used 129438K, capacity 132924K, committed 133116K, reserved 1165312K
  class space    used 16169K, capacity 17407K, committed 17484K, reserved 1048576K
}
Event: 138.249 GC heap after
{Heap after GC invocations=313 (full 0):
 garbage-first heap   total 200704K, used 177127K [0x00000000e0000000, 0x0000000100000000)
  region size 1024K, 1 young (1024K), 1 survivors (1024K)
 Metaspace       used 129438K, capacity 132924K, committed 133116K, reserved 1165312K
  class space    used 16169K, capacity 17407K, committed 17484K, reserved 1048576K
}
Event: 138.580 GC heap before
{Heap before GC invocations=314 (full 0):
 garbage-first heap   total 200704K, used 185319K [0x00000000e0000000, 0x0000000100000000)
  region size 1024K, 9 young (9216K), 1 survivors (1024K)
 Metaspace       used 129438K, capacity 132924K, committed 133116K, reserved 1165312K
  class space    used 16169K, capacity 17407K, committed 17484K, reserved 1048576K
}
Event: 138.583 GC heap after
{Heap after GC invocations=315 (full 0):
 garbage-first heap   total 200704K, used 177155K [0x00000000e0000000, 0x0000000100000000)
  region size 1024K, 1 young (1024K), 1 survivors (1024K)
 Metaspace       used 129438K, capacity 132924K, committed 133116K, reserved 1165312K
  class space    used 16169K, capacity 17407K, committed 17484K, reserved 1048576K
}
Event: 138.616 GC heap before
{Heap before GC invocations=315 (full 0):
 garbage-first heap   total 200704K, used 185347K [0x00000000e0000000, 0x0000000100000000)
  region size 1024K, 9 young (9216K), 1 survivors (1024K)
 Metaspace       used 129439K, capacity 132924K, committed 133116K, reserved 1165312K
  class space    used 16169K, capacity 17407K, committed 17484K, reserved 1048576K
}
Event: 138.618 GC heap after
{Heap after GC invocations=316 (full 0):
 garbage-first heap   total 200704K, used 177158K [0x00000000e0000000, 0x0000000100000000)
  region size 1024K, 1 young (1024K), 1 survivors (1024K)
 Metaspace       used 129439K, capacity 132924K, committed 133116K, reserved 1165312K
  class space    used 16169K, capacity 17407K, committed 17484K, reserved 1048576K
}
Event: 138.650 GC heap before
{Heap before GC invocations=316 (full 0):
 garbage-first heap   total 200704K, used 185350K [0x00000000e0000000, 0x0000000100000000)
  region size 1024K, 9 young (9216K), 1 survivors (1024K)
 Metaspace       used 129439K, capacity 132924K, committed 133116K, reserved 1165312K
  class space    used 16169K, capacity 17407K, committed 17484K, reserved 1048576K
}
Event: 138.652 GC heap after
{Heap after GC invocations=317 (full 0):
 garbage-first heap   total 200704K, used 177164K [0x00000000e0000000, 0x0000000100000000)
  region size 1024K, 1 young (1024K), 1 survivors (1024K)
 Metaspace       used 129439K, capacity 132924K, committed 133116K, reserved 1165312K
  class space    used 16169K, capacity 17407K, committed 17484K, reserved 1048576K
}
Event: 138.679 GC heap before
{Heap before GC invocations=317 (full 0):
 garbage-first heap   total 200704K, used 185356K [0x00000000e0000000, 0x0000000100000000)
  region size 1024K, 9 young (9216K), 1 survivors (1024K)
 Metaspace       used 129440K, capacity 132924K, committed 133116K, reserved 1165312K
  class space    used 16169K, capacity 17407K, committed 17484K, reserved 1048576K
}
Event: 138.681 GC heap after
{Heap after GC invocations=318 (full 0):
 garbage-first heap   total 200704K, used 177176K [0x00000000e0000000, 0x0000000100000000)
  region size 1024K, 1 young (1024K), 1 survivors (1024K)
 Metaspace       used 129440K, capacity 132924K, committed 133116K, reserved 1165312K
  class space    used 16169K, capacity 17407K, committed 17484K, reserved 1048576K
}
Event: 138.763 GC heap before
{Heap before GC invocations=318 (full 0):
 garbage-first heap   total 200704K, used 185368K [0x00000000e0000000, 0x0000000100000000)
  region size 1024K, 9 young (9216K), 1 survivors (1024K)
 Metaspace       used 129440K, capacity 132924K, committed 133116K, reserved 1165312K
  class space    used 16169K, capacity 17407K, committed 17484K, reserved 1048576K
}
Event: 138.765 GC heap after
{Heap after GC invocations=319 (full 0):
 garbage-first heap   total 200704K, used 177156K [0x00000000e0000000, 0x0000000100000000)
  region size 1024K, 1 young (1024K), 1 survivors (1024K)
 Metaspace       used 129440K, capacity 132924K, committed 133116K, reserved 1165312K
  class space    used 16169K, capacity 17407K, committed 17484K, reserved 1048576K
}
Event: 139.112 GC heap before
{Heap before GC invocations=319 (full 0):
 garbage-first heap   total 200704K, used 185348K [0x00000000e0000000, 0x0000000100000000)
  region size 1024K, 9 young (9216K), 1 survivors (1024K)
 Metaspace       used 129587K, capacity 133122K, committed 133372K, reserved 1165312K
  class space    used 16175K, capacity 17409K, committed 17484K, reserved 1048576K
}
Event: 139.117 GC heap after
{Heap after GC invocations=320 (full 0):
 garbage-first heap   total 200704K, used 177541K [0x00000000e0000000, 0x0000000100000000)
  region size 1024K, 2 young (2048K), 2 survivors (2048K)
 Metaspace       used 129587K, capacity 133122K, committed 133372K, reserved 1165312K
  class space    used 16175K, capacity 17409K, committed 17484K, reserved 1048576K
}

