# JRE version: OpenJDK Runtime Environment (11.0.11+9) (build 11.0.11+9-b60-7590822)
# Java VM: OpenJDK 64-Bit Server VM (11.0.11+9-b60-7590822, mixed mode, tiered, compressed oops, g1 gc, windows-amd64)
Heap:
 garbage-first heap   total 299008K, used 252427K [0x00000000e0000000, 0x0000000100000000)
  region size 1024K, 86 young (88064K), 5 survivors (5120K)
 Metaspace       used 148869K, capacity 152480K, committed 152732K, reserved 1183744K
  class space    used 17851K, capacity 19155K, committed 19276K, reserved 1048576K
GC Heap History (20 events):
Event: 9651.216 GC heap before
{Heap before GC invocations=592 (full 0):
 garbage-first heap   total 299008K, used 245347K [0x00000000e0000000, 0x0000000100000000)
  region size 1024K, 83 young (84992K), 4 survivors (4096K)
 Metaspace       used 148812K, capacity 152464K, committed 152732K, reserved 1183744K
  class space    used 17849K, capacity 19152K, committed 19276K, reserved 1048576K
}
Event: 9651.228 GC heap after
{Heap after GC invocations=593 (full 0):
 garbage-first heap   total 299008K, used 165271K [0x00000000e0000000, 0x0000000100000000)
  region size 1024K, 5 young (5120K), 5 survivors (5120K)
 Metaspace       used 148812K, capacity 152464K, committed 152732K, reserved 1183744K
  class space    used 17849K, capacity 19152K, committed 19276K, reserved 1048576K
}
Event: 9651.650 GC heap before
{Heap before GC invocations=593 (full 0):
 garbage-first heap   total 299008K, used 248215K [0x00000000e0000000, 0x0000000100000000)
  region size 1024K, 86 young (88064K), 5 survivors (5120K)
 Metaspace       used 148812K, capacity 152464K, committed 152732K, reserved 1183744K
  class space    used 17849K, capacity 19152K, committed 19276K, reserved 1048576K
}
Event: 9651.661 GC heap after
{Heap after GC invocations=594 (full 0):
 garbage-first heap   total 299008K, used 166219K [0x00000000e0000000, 0x0000000100000000)
  region size 1024K, 6 young (6144K), 6 survivors (6144K)
 Metaspace       used 148812K, capacity 152464K, committed 152732K, reserved 1183744K
  class space    used 17849K, capacity 19152K, committed 19276K, reserved 1048576K
}
Event: 9652.073 GC heap before
{Heap before GC invocations=594 (full 0):
 garbage-first heap   total 299008K, used 251211K [0x00000000e0000000, 0x0000000100000000)
  region size 1024K, 89 young (91136K), 6 survivors (6144K)
 Metaspace       used 148812K, capacity 152464K, committed 152732K, reserved 1183744K
  class space    used 17849K, capacity 19152K, committed 19276K, reserved 1048576K
}
Event: 9652.084 GC heap after
{Heap after GC invocations=595 (full 0):
 garbage-first heap   total 299008K, used 166774K [0x00000000e0000000, 0x0000000100000000)
  region size 1024K, 6 young (6144K), 6 survivors (6144K)
 Metaspace       used 148812K, capacity 152464K, committed 152732K, reserved 1183744K
  class space    used 17849K, capacity 19152K, committed 19276K, reserved 1048576K
}
Event: 9652.437 GC heap before
{Heap before GC invocations=595 (full 0):
 garbage-first heap   total 299008K, used 255862K [0x00000000e0000000, 0x0000000100000000)
  region size 1024K, 93 young (95232K), 6 survivors (6144K)
 Metaspace       used 148812K, capacity 152464K, committed 152732K, reserved 1183744K
  class space    used 17849K, capacity 19152K, committed 19276K, reserved 1048576K
}
Event: 9652.447 GC heap after
{Heap after GC invocations=596 (full 0):
 garbage-first heap   total 299008K, used 167868K [0x00000000e0000000, 0x0000000100000000)
  region size 1024K, 7 young (7168K), 7 survivors (7168K)
 Metaspace       used 148812K, capacity 152464K, committed 152732K, reserved 1183744K
  class space    used 17849K, capacity 19152K, committed 19276K, reserved 1048576K
}
Event: 9652.840 GC heap before
{Heap before GC invocations=596 (full 0):
 garbage-first heap   total 299008K, used 256956K [0x00000000e0000000, 0x0000000100000000)
  region size 1024K, 94 young (96256K), 7 survivors (7168K)
 Metaspace       used 148812K, capacity 152464K, committed 152732K, reserved 1183744K
  class space    used 17849K, capacity 19152K, committed 19276K, reserved 1048576K
}
Event: 9652.852 GC heap after
{Heap after GC invocations=597 (full 0):
 garbage-first heap   total 299008K, used 169254K [0x00000000e0000000, 0x0000000100000000)
  region size 1024K, 7 young (7168K), 7 survivors (7168K)
 Metaspace       used 148812K, capacity 152464K, committed 152732K, reserved 1183744K
  class space    used 17849K, capacity 19152K, committed 19276K, reserved 1048576K
}
Event: 9653.336 GC heap before
{Heap before GC invocations=597 (full 0):
 garbage-first heap   total 299008K, used 259366K [0x00000000e0000000, 0x0000000100000000)
  region size 1024K, 93 young (95232K), 7 survivors (7168K)
 Metaspace       used 148817K, capacity 152464K, committed 152732K, reserved 1183744K
  class space    used 17849K, capacity 19152K, committed 19276K, reserved 1048576K
}
Event: 9653.349 GC heap after
{Heap after GC invocations=598 (full 0):
 garbage-first heap   total 299008K, used 174495K [0x00000000e0000000, 0x0000000100000000)
  region size 1024K, 9 young (9216K), 9 survivors (9216K)
 Metaspace       used 148817K, capacity 152464K, committed 152732K, reserved 1183744K
  class space    used 17849K, capacity 19152K, committed 19276K, reserved 1048576K
}
Event: 9653.941 GC heap before
{Heap before GC invocations=598 (full 0):
 garbage-first heap   total 299008K, used 257439K [0x00000000e0000000, 0x0000000100000000)
  region size 1024K, 91 young (93184K), 9 survivors (9216K)
 Metaspace       used 148824K, capacity 152467K, committed 152732K, reserved 1183744K
  class space    used 17849K, capacity 19152K, committed 19276K, reserved 1048576K
}
Event: 9653.951 GC heap after
{Heap after GC invocations=599 (full 0):
 garbage-first heap   total 299008K, used 169480K [0x00000000e0000000, 0x0000000100000000)
  region size 1024K, 5 young (5120K), 5 survivors (5120K)
 Metaspace       used 148824K, capacity 152467K, committed 152732K, reserved 1183744K
  class space    used 17849K, capacity 19152K, committed 19276K, reserved 1048576K
}
Event: 9654.430 GC heap before
{Heap before GC invocations=599 (full 0):
 garbage-first heap   total 299008K, used 256520K [0x00000000e0000000, 0x0000000100000000)
  region size 1024K, 91 young (93184K), 5 survivors (5120K)
 Metaspace       used 148838K, capacity 152473K, committed 152732K, reserved 1183744K
  class space    used 17850K, capacity 19154K, committed 19276K, reserved 1048576K
}
Event: 9654.440 GC heap after
{Heap after GC invocations=600 (full 0):
 garbage-first heap   total 299008K, used 170011K [0x00000000e0000000, 0x0000000100000000)
  region size 1024K, 5 young (5120K), 5 survivors (5120K)
 Metaspace       used 148838K, capacity 152473K, committed 152732K, reserved 1183744K
  class space    used 17850K, capacity 19154K, committed 19276K, reserved 1048576K
}
Event: 9654.861 GC heap before
{Heap before GC invocations=600 (full 0):
 garbage-first heap   total 299008K, used 258075K [0x00000000e0000000, 0x0000000100000000)
  region size 1024K, 92 young (94208K), 5 survivors (5120K)
 Metaspace       used 148844K, capacity 152475K, committed 152732K, reserved 1183744K
  class space    used 17850K, capacity 19154K, committed 19276K, reserved 1048576K
}
Event: 9654.869 GC heap after
{Heap after GC invocations=601 (full 0):
 garbage-first heap   total 299008K, used 168970K [0x00000000e0000000, 0x0000000100000000)
  region size 1024K, 4 young (4096K), 4 survivors (4096K)
 Metaspace       used 148844K, capacity 152475K, committed 152732K, reserved 1183744K
  class space    used 17850K, capacity 19154K, committed 19276K, reserved 1048576K
}
Event: 9655.258 GC heap before
{Heap before GC invocations=601 (full 0):
 garbage-first heap   total 299008K, used 257034K [0x00000000e0000000, 0x0000000100000000)
  region size 1024K, 91 young (93184K), 4 survivors (4096K)
 Metaspace       used 148858K, capacity 152480K, committed 152732K, reserved 1183744K
  class space    used 17851K, capacity 19155K, committed 19276K, reserved 1048576K
}
Event: 9655.265 GC heap after
{Heap after GC invocations=602 (full 0):
 garbage-first heap   total 299008K, used 169483K [0x00000000e0000000, 0x0000000100000000)
  region size 1024K, 5 young (5120K), 5 survivors (5120K)
 Metaspace       used 148858K, capacity 152480K, committed 152732K, reserved 1183744K
  class space    used 17851K, capacity 19155K, committed 19276K, reserved 1048576K
}

