# JRE version: OpenJDK Runtime Environment (11.0.11+9) (build 11.0.11+9-b60-7590822)
# Java VM: OpenJDK 64-Bit Server VM (11.0.11+9-b60-7590822, mixed mode, tiered, compressed oops, g1 gc, windows-amd64)
Heap:
 garbage-first heap   total 278528K, used 138149K [0x00000000e0000000, 0x0000000100000000)
  region size 1024K, 1 young (1024K), 1 survivors (1024K)
 Metaspace       used 125999K, capacity 129037K, committed 130212K, reserved 1163264K
  class space    used 15584K, capacity 16740K, committed 17152K, reserved 1048576K
GC Heap History (20 events):
Event: 49.190 GC heap after
{Heap after GC invocations=239 (full 0):
 garbage-first heap   total 178176K, used 147396K [0x00000000e0000000, 0x0000000100000000)
  region size 1024K, 2 young (2048K), 2 survivors (2048K)
 Metaspace       used 125966K, capacity 128997K, committed 130212K, reserved 1163264K
  class space    used 15577K, capacity 16706K, committed 17152K, reserved 1048576K
}
Event: 49.258 GC heap before
{Heap before GC invocations=239 (full 0):
 garbage-first heap   total 178176K, used 155588K [0x00000000e0000000, 0x0000000100000000)
  region size 1024K, 10 young (10240K), 2 survivors (2048K)
 Metaspace       used 125972K, capacity 129029K, committed 130212K, reserved 1163264K
  class space    used 15581K, capacity 16738K, committed 17152K, reserved 1048576K
}
Event: 49.263 GC heap after
{Heap after GC invocations=240 (full 0):
 garbage-first heap   total 178176K, used 147858K [0x00000000e0000000, 0x0000000100000000)
  region size 1024K, 1 young (1024K), 1 survivors (1024K)
 Metaspace       used 125972K, capacity 129029K, committed 130212K, reserved 1163264K
  class space    used 15581K, capacity 16738K, committed 17152K, reserved 1048576K
}
Event: 49.332 GC heap before
{Heap before GC invocations=241 (full 0):
 garbage-first heap   total 178176K, used 155026K [0x00000000e0000000, 0x0000000100000000)
  region size 1024K, 8 young (8192K), 1 survivors (1024K)
 Metaspace       used 125972K, capacity 129029K, committed 130212K, reserved 1163264K
  class space    used 15581K, capacity 16738K, committed 17152K, reserved 1048576K
}
Event: 49.335 GC heap after
{Heap after GC invocations=242 (full 0):
 garbage-first heap   total 178176K, used 148205K [0x00000000e0000000, 0x0000000100000000)
  region size 1024K, 1 young (1024K), 1 survivors (1024K)
 Metaspace       used 125972K, capacity 129029K, committed 130212K, reserved 1163264K
  class space    used 15581K, capacity 16738K, committed 17152K, reserved 1048576K
}
Event: 49.367 GC heap before
{Heap before GC invocations=242 (full 0):
 garbage-first heap   total 178176K, used 155373K [0x00000000e0000000, 0x0000000100000000)
  region size 1024K, 8 young (8192K), 1 survivors (1024K)
 Metaspace       used 125972K, capacity 129029K, committed 130212K, reserved 1163264K
  class space    used 15581K, capacity 16738K, committed 17152K, reserved 1048576K
}
Event: 49.375 GC heap after
{Heap after GC invocations=243 (full 0):
 garbage-first heap   total 178176K, used 132564K [0x00000000e0000000, 0x0000000100000000)
  region size 1024K, 1 young (1024K), 1 survivors (1024K)
 Metaspace       used 125972K, capacity 129029K, committed 130212K, reserved 1163264K
  class space    used 15581K, capacity 16738K, committed 17152K, reserved 1048576K
}
Event: 49.395 GC heap before
{Heap before GC invocations=243 (full 0):
 garbage-first heap   total 178176K, used 139732K [0x00000000e0000000, 0x0000000100000000)
  region size 1024K, 8 young (8192K), 1 survivors (1024K)
 Metaspace       used 125972K, capacity 129029K, committed 130212K, reserved 1163264K
  class space    used 15581K, capacity 16738K, committed 17152K, reserved 1048576K
}
Event: 49.408 GC heap after
{Heap after GC invocations=244 (full 0):
 garbage-first heap   total 178176K, used 129476K [0x00000000e0000000, 0x0000000100000000)
  region size 1024K, 1 young (1024K), 1 survivors (1024K)
 Metaspace       used 125972K, capacity 129029K, committed 130212K, reserved 1163264K
  class space    used 15581K, capacity 16738K, committed 17152K, reserved 1048576K
}
Event: 49.459 GC heap before
{Heap before GC invocations=244 (full 0):
 garbage-first heap   total 178176K, used 144836K [0x00000000e0000000, 0x0000000100000000)
  region size 1024K, 16 young (16384K), 1 survivors (1024K)
 Metaspace       used 125973K, capacity 129029K, committed 130212K, reserved 1163264K
  class space    used 15581K, capacity 16738K, committed 17152K, reserved 1048576K
}
Event: 49.465 GC heap after
{Heap after GC invocations=245 (full 0):
 garbage-first heap   total 178176K, used 130625K [0x00000000e0000000, 0x0000000100000000)
  region size 1024K, 2 young (2048K), 2 survivors (2048K)
 Metaspace       used 125973K, capacity 129029K, committed 130212K, reserved 1163264K
  class space    used 15581K, capacity 16738K, committed 17152K, reserved 1048576K
}
Event: 49.548 GC heap before
{Heap before GC invocations=245 (full 0):
 garbage-first heap   total 178176K, used 145985K [0x00000000e0000000, 0x0000000100000000)
  region size 1024K, 18 young (18432K), 2 survivors (2048K)
 Metaspace       used 125973K, capacity 129029K, committed 130212K, reserved 1163264K
  class space    used 15581K, capacity 16738K, committed 17152K, reserved 1048576K
}
Event: 49.554 GC heap after
{Heap after GC invocations=246 (full 0):
 garbage-first heap   total 232448K, used 131627K [0x00000000e0000000, 0x0000000100000000)
  region size 1024K, 3 young (3072K), 3 survivors (3072K)
 Metaspace       used 125973K, capacity 129029K, committed 130212K, reserved 1163264K
  class space    used 15581K, capacity 16738K, committed 17152K, reserved 1048576K
}
Event: 49.686 GC heap before
{Heap before GC invocations=246 (full 0):
 garbage-first heap   total 232448K, used 167467K [0x00000000e0000000, 0x0000000100000000)
  region size 1024K, 38 young (38912K), 3 survivors (3072K)
 Metaspace       used 125975K, capacity 129030K, committed 130212K, reserved 1163264K
  class space    used 15581K, capacity 16738K, committed 17152K, reserved 1048576K
}
Event: 49.699 GC heap after
{Heap after GC invocations=247 (full 0):
 garbage-first heap   total 232448K, used 134515K [0x00000000e0000000, 0x0000000100000000)
  region size 1024K, 5 young (5120K), 5 survivors (5120K)
 Metaspace       used 125975K, capacity 129030K, committed 130212K, reserved 1163264K
  class space    used 15581K, capacity 16738K, committed 17152K, reserved 1048576K
}
Event: 49.840 GC heap before
{Heap before GC invocations=247 (full 0):
 garbage-first heap   total 232448K, used 172403K [0x00000000e0000000, 0x0000000100000000)
  region size 1024K, 42 young (43008K), 5 survivors (5120K)
 Metaspace       used 125977K, capacity 129032K, committed 130212K, reserved 1163264K
  class space    used 15581K, capacity 16738K, committed 17152K, reserved 1048576K
}
Event: 49.853 GC heap after
{Heap after GC invocations=248 (full 0):
 garbage-first heap   total 232448K, used 137292K [0x00000000e0000000, 0x0000000100000000)
  region size 1024K, 6 young (6144K), 6 survivors (6144K)
 Metaspace       used 125977K, capacity 129032K, committed 130212K, reserved 1163264K
  class space    used 15581K, capacity 16738K, committed 17152K, reserved 1048576K
}
Event: 49.983 GC heap before
{Heap before GC invocations=248 (full 0):
 garbage-first heap   total 232448K, used 175180K [0x00000000e0000000, 0x0000000100000000)
  region size 1024K, 44 young (45056K), 6 survivors (6144K)
 Metaspace       used 125986K, capacity 129037K, committed 130212K, reserved 1163264K
  class space    used 15582K, capacity 16740K, committed 17152K, reserved 1048576K
}
Event: 49.995 GC heap after
{Heap after GC invocations=249 (full 0):
 garbage-first heap   total 232448K, used 138420K [0x00000000e0000000, 0x0000000100000000)
  region size 1024K, 4 young (4096K), 4 survivors (4096K)
 Metaspace       used 125986K, capacity 129037K, committed 130212K, reserved 1163264K
  class space    used 15582K, capacity 16740K, committed 17152K, reserved 1048576K
}
Event: 50.129 GC heap before
{Heap before GC invocations=249 (full 0):
 garbage-first heap   total 232448K, used 178356K [0x00000000e0000000, 0x0000000100000000)
  region size 1024K, 44 young (45056K), 4 survivors (4096K)
 Metaspace       used 125999K, capacity 129037K, committed 130212K, reserved 1163264K
  class space    used 15584K, capacity 16740K, committed 17152K, reserved 1048576K
}

